{"name":"Log","hostname":"ifs-MacBook-Pro.local","pid":34156,"level":30,"msg":"Creating table: posts ","time":"2019-02-20T10:19:48.446Z","v":0}
{"name":"Log","hostname":"ifs-MacBook-Pro.local","pid":34156,"level":30,"msg":"Creating table: users ","time":"2019-02-20T10:19:48.451Z","v":0}
{"name":"Log","hostname":"ifs-MacBook-Pro.local","pid":34156,"level":30,"msg":"Creating table: posts_authors ","time":"2019-02-20T10:19:48.456Z","v":0}
{"name":"Log","hostname":"ifs-MacBook-Pro.local","pid":34156,"level":30,"msg":"Creating table: roles ","time":"2019-02-20T10:19:48.459Z","v":0}
{"name":"Log","hostname":"ifs-MacBook-Pro.local","pid":34156,"level":30,"msg":"Creating table: roles_users ","time":"2019-02-20T10:19:48.462Z","v":0}
{"name":"Log","hostname":"ifs-MacBook-Pro.local","pid":34156,"level":30,"msg":"Creating table: permissions ","time":"2019-02-20T10:19:48.464Z","v":0}
{"name":"Log","hostname":"ifs-MacBook-Pro.local","pid":34156,"level":30,"msg":"Creating table: permissions_users ","time":"2019-02-20T10:19:48.468Z","v":0}
{"name":"Log","hostname":"ifs-MacBook-Pro.local","pid":34156,"level":30,"msg":"Creating table: permissions_roles ","time":"2019-02-20T10:19:48.470Z","v":0}
{"name":"Log","hostname":"ifs-MacBook-Pro.local","pid":34156,"level":30,"msg":"Creating table: permissions_apps ","time":"2019-02-20T10:19:48.472Z","v":0}
{"name":"Log","hostname":"ifs-MacBook-Pro.local","pid":34156,"level":30,"msg":"Creating table: settings ","time":"2019-02-20T10:19:48.475Z","v":0}
{"name":"Log","hostname":"ifs-MacBook-Pro.local","pid":34156,"level":30,"msg":"Creating table: tags ","time":"2019-02-20T10:19:48.478Z","v":0}
{"name":"Log","hostname":"ifs-MacBook-Pro.local","pid":34156,"level":30,"msg":"Creating table: posts_tags ","time":"2019-02-20T10:19:48.482Z","v":0}
{"name":"Log","hostname":"ifs-MacBook-Pro.local","pid":34156,"level":30,"msg":"Creating table: apps ","time":"2019-02-20T10:19:48.484Z","v":0}
{"name":"Log","hostname":"ifs-MacBook-Pro.local","pid":34156,"level":30,"msg":"Creating table: app_settings ","time":"2019-02-20T10:19:48.489Z","v":0}
{"name":"Log","hostname":"ifs-MacBook-Pro.local","pid":34156,"level":30,"msg":"Creating table: app_fields ","time":"2019-02-20T10:19:48.493Z","v":0}
{"name":"Log","hostname":"ifs-MacBook-Pro.local","pid":34156,"level":30,"msg":"Creating table: clients ","time":"2019-02-20T10:19:48.496Z","v":0}
{"name":"Log","hostname":"ifs-MacBook-Pro.local","pid":34156,"level":30,"msg":"Creating table: client_trusted_domains ","time":"2019-02-20T10:19:48.501Z","v":0}
{"name":"Log","hostname":"ifs-MacBook-Pro.local","pid":34156,"level":30,"msg":"Creating table: accesstokens ","time":"2019-02-20T10:19:48.503Z","v":0}
{"name":"Log","hostname":"ifs-MacBook-Pro.local","pid":34156,"level":30,"msg":"Creating table: refreshtokens ","time":"2019-02-20T10:19:48.506Z","v":0}
{"name":"Log","hostname":"ifs-MacBook-Pro.local","pid":34156,"level":30,"msg":"Creating table: subscribers ","time":"2019-02-20T10:19:48.510Z","v":0}
{"name":"Log","hostname":"ifs-MacBook-Pro.local","pid":34156,"level":30,"msg":"Creating table: invites ","time":"2019-02-20T10:19:48.513Z","v":0}
{"name":"Log","hostname":"ifs-MacBook-Pro.local","pid":34156,"level":30,"msg":"Creating table: brute ","time":"2019-02-20T10:19:48.518Z","v":0}
{"name":"Log","hostname":"ifs-MacBook-Pro.local","pid":34156,"level":30,"msg":"Creating table: webhooks ","time":"2019-02-20T10:19:48.520Z","v":0}
{"name":"Log","hostname":"ifs-MacBook-Pro.local","pid":34156,"level":30,"msg":"Creating table: sessions ","time":"2019-02-20T10:19:48.523Z","v":0}
{"name":"Log","hostname":"ifs-MacBook-Pro.local","pid":34156,"level":30,"msg":"Creating table: integrations ","time":"2019-02-20T10:19:48.526Z","v":0}
{"name":"Log","hostname":"ifs-MacBook-Pro.local","pid":34156,"level":30,"msg":"Creating table: api_keys ","time":"2019-02-20T10:19:48.530Z","v":0}
{"name":"Log","hostname":"ifs-MacBook-Pro.local","pid":34156,"level":30,"msg":"Creating table: mobiledoc_revisions ","time":"2019-02-20T10:19:48.533Z","v":0}
{"name":"Log","hostname":"ifs-MacBook-Pro.local","pid":34156,"level":30,"msg":"Creating table: members ","time":"2019-02-20T10:19:48.536Z","v":0}
{"name":"Log","hostname":"ifs-MacBook-Pro.local","pid":34156,"level":30,"msg":"Creating table: actions ","time":"2019-02-20T10:19:48.540Z","v":0}
{"name":"Log","hostname":"ifs-MacBook-Pro.local","pid":34156,"level":30,"msg":"Model: Tag ","time":"2019-02-20T10:19:48.546Z","v":0}
{"name":"Log","hostname":"ifs-MacBook-Pro.local","pid":34156,"level":30,"msg":"Model: Client ","time":"2019-02-20T10:19:48.564Z","v":0}
{"name":"Log","hostname":"ifs-MacBook-Pro.local","pid":34156,"level":30,"msg":"Model: Role ","time":"2019-02-20T10:19:48.577Z","v":0}
{"name":"Log","hostname":"ifs-MacBook-Pro.local","pid":34156,"level":30,"msg":"Model: Permission ","time":"2019-02-20T10:19:48.594Z","v":0}
{"name":"Log","hostname":"ifs-MacBook-Pro.local","pid":34156,"level":30,"msg":"Model: User ","time":"2019-02-20T10:19:48.753Z","v":0}
{"name":"Log","hostname":"ifs-MacBook-Pro.local","pid":34156,"level":30,"msg":"Model: Post ","time":"2019-02-20T10:19:50.974Z","v":0}
{"name":"Log","hostname":"ifs-MacBook-Pro.local","pid":34156,"level":30,"msg":"Relation: Role to Permission ","time":"2019-02-20T10:19:51.166Z","v":0}
{"name":"Log","hostname":"ifs-MacBook-Pro.local","pid":34156,"level":30,"msg":"Relation: Post to Tag ","time":"2019-02-20T10:19:51.363Z","v":0}
{"name":"Log","hostname":"ifs-MacBook-Pro.local","pid":34156,"level":30,"msg":"Relation: User to Role ","time":"2019-02-20T10:19:51.390Z","v":0}
{"name":"Log","hostname":"ifs-MacBook-Pro.local","pid":34156,"level":40,"msg":"Theme's file locales/en.json not found. ","time":"2019-02-20T10:19:52.262Z","v":0}
{"name":"Log","hostname":"ifs-MacBook-Pro.local","pid":34156,"level":30,"msg":"Ghost is running in development... ","time":"2019-02-20T10:19:52.877Z","v":0}
{"name":"Log","hostname":"ifs-MacBook-Pro.local","pid":34156,"level":30,"msg":"Listening on: 127.0.0.1:2368 ","time":"2019-02-20T10:19:52.879Z","v":0}
{"name":"Log","hostname":"ifs-MacBook-Pro.local","pid":34156,"level":30,"msg":"Url configured as: http://localhost:2368/ ","time":"2019-02-20T10:19:52.880Z","v":0}
{"name":"Log","hostname":"ifs-MacBook-Pro.local","pid":34156,"level":30,"msg":"Ctrl+C to shut down ","time":"2019-02-20T10:19:52.881Z","v":0}
{"name":"Log","hostname":"ifs-MacBook-Pro.local","pid":34156,"level":30,"msg":"Ghost boot 5.462s ","time":"2019-02-20T10:19:52.884Z","v":0}
{"name":"Log","hostname":"ifs-MacBook-Pro.local","pid":34156,"level":30,"req":{"meta":{"requestId":"7a425040-34fc-11e9-babb-577e95129b81","userId":null},"url":"/","method":"GET","originalUrl":"/","params":{},"headers":{"host":"localhost:2368","connection":"keep-alive","upgrade-insecure-requests":"1","user-agent":"Mozilla/5.0 (Macintosh; Intel Mac OS X 10_12_6) AppleWebKit/537.36 (KHTML, like Gecko) Chrome/72.0.3626.109 Safari/537.36","accept":"text/html,application/xhtml+xml,application/xml;q=0.9,image/webp,image/apng,*/*;q=0.8","accept-encoding":"gzip, deflate, br","accept-language":"en-US,en;q=0.9,id;q=0.8"},"body":{},"query":{}},"res":{"_headers":{"x-powered-by":"Express","cache-control":"public, max-age=0","content-type":"text/html; charset=utf-8","etag":"W/\"54bd-PgqU4hR6eRFiqFHsUO9LAXxDkBY\"","vary":"Accept-Encoding","content-encoding":"gzip"},"statusCode":200,"responseTime":"1294ms"},"msg":"","time":"2019-02-20T10:44:21.206Z","v":0}
{"name":"Log","hostname":"ifs-MacBook-Pro.local","pid":34156,"level":30,"req":{"meta":{"requestId":"7b1111f0-34fc-11e9-babb-577e95129b81","userId":null},"url":"/assets/built/infinitescroll.js?v=8cb7b22f0f","method":"GET","originalUrl":"/assets/built/infinitescroll.js?v=8cb7b22f0f","params":{},"headers":{"host":"localhost:2368","connection":"keep-alive","user-agent":"Mozilla/5.0 (Macintosh; Intel Mac OS X 10_12_6) AppleWebKit/537.36 (KHTML, like Gecko) Chrome/72.0.3626.109 Safari/537.36","accept":"*/*","referer":"http://localhost:2368/","accept-encoding":"gzip, deflate, br","accept-language":"en-US,en;q=0.9,id;q=0.8"},"body":{},"query":{"v":"8cb7b22f0f"}},"res":{"_headers":{"x-powered-by":"Express","accept-ranges":"bytes","cache-control":"public, max-age=0","last-modified":"Sat, 26 Oct 1985 08:15:00 GMT","etag":"W/\"3f1-7438674ba0\"","content-type":"application/javascript; charset=UTF-8","content-length":1009,"vary":"Accept-Encoding"},"statusCode":200,"responseTime":"11ms"},"msg":"","time":"2019-02-20T10:44:21.278Z","v":0}
{"name":"Log","hostname":"ifs-MacBook-Pro.local","pid":34156,"level":30,"req":{"meta":{"requestId":"7b100080-34fc-11e9-babb-577e95129b81","userId":null},"url":"/assets/built/jquery.fitvids.js?v=8cb7b22f0f","method":"GET","originalUrl":"/assets/built/jquery.fitvids.js?v=8cb7b22f0f","params":{},"headers":{"host":"localhost:2368","connection":"keep-alive","user-agent":"Mozilla/5.0 (Macintosh; Intel Mac OS X 10_12_6) AppleWebKit/537.36 (KHTML, like Gecko) Chrome/72.0.3626.109 Safari/537.36","accept":"*/*","referer":"http://localhost:2368/","accept-encoding":"gzip, deflate, br","accept-language":"en-US,en;q=0.9,id;q=0.8"},"body":{},"query":{"v":"8cb7b22f0f"}},"res":{"_headers":{"x-powered-by":"Express","accept-ranges":"bytes","cache-control":"public, max-age=0","last-modified":"Sat, 26 Oct 1985 08:15:00 GMT","etag":"W/\"778-7438674ba0\"","content-type":"application/javascript; charset=UTF-8","vary":"Accept-Encoding","content-encoding":"gzip"},"statusCode":200,"responseTime":"30ms"},"msg":"","time":"2019-02-20T10:44:21.288Z","v":0}
{"name":"Log","hostname":"ifs-MacBook-Pro.local","pid":34156,"level":30,"req":{"meta":{"requestId":"7b0d8f80-34fc-11e9-babb-577e95129b81","userId":null},"url":"/assets/built/screen.css?v=8cb7b22f0f","method":"GET","originalUrl":"/assets/built/screen.css?v=8cb7b22f0f","params":{},"headers":{"host":"localhost:2368","connection":"keep-alive","user-agent":"Mozilla/5.0 (Macintosh; Intel Mac OS X 10_12_6) AppleWebKit/537.36 (KHTML, like Gecko) Chrome/72.0.3626.109 Safari/537.36","accept":"text/css,*/*;q=0.1","referer":"http://localhost:2368/","accept-encoding":"gzip, deflate, br","accept-language":"en-US,en;q=0.9,id;q=0.8"},"body":{},"query":{"v":"8cb7b22f0f"}},"res":{"_headers":{"x-powered-by":"Express","accept-ranges":"bytes","cache-control":"public, max-age=0","last-modified":"Sat, 26 Oct 1985 08:15:00 GMT","etag":"W/\"8a18-7438674ba0\"","content-type":"text/css; charset=UTF-8","vary":"Accept-Encoding","content-encoding":"gzip"},"statusCode":200,"responseTime":"49ms"},"msg":"","time":"2019-02-20T10:44:21.291Z","v":0}
{"name":"Log","hostname":"ifs-MacBook-Pro.local","pid":34156,"level":30,"req":{"meta":{"requestId":"7e299c90-34fc-11e9-babb-577e95129b81","userId":null},"url":"/favicon.ico","method":"GET","originalUrl":"/favicon.ico","params":{},"headers":{"host":"localhost:2368","connection":"keep-alive","user-agent":"Mozilla/5.0 (Macintosh; Intel Mac OS X 10_12_6) AppleWebKit/537.36 (KHTML, like Gecko) Chrome/72.0.3626.109 Safari/537.36","accept":"image/webp,image/apng,image/*,*/*;q=0.8","referer":"http://localhost:2368/","accept-encoding":"gzip, deflate, br","accept-language":"en-US,en;q=0.9,id;q=0.8"},"body":{},"query":{}},"res":{"_headers":{"x-powered-by":"Express","content-type":"image/x-icon","etag":"\"36e47e74810a0d8c32a77f495c49cf8e\"","cache-control":"public, max-age=86400","vary":"Accept-Encoding","content-encoding":"gzip"},"statusCode":200,"responseTime":"8ms"},"msg":"","time":"2019-02-20T10:44:26.466Z","v":0}
{"name":"Log","hostname":"ifs-MacBook-Pro.local","pid":34156,"level":40,"msg":"Ghost has shut down ","time":"2019-02-20T10:46:11.356Z","v":0}
